<?xml version="1.0" encoding="UTF-8"?>
<testng-results ignored="0" total="1" passed="1" failed="0" skipped="0">
  <reporter-output>
  </reporter-output>
  <suite started-at="2022-12-26T23:50:38 IST" name="Default suite" finished-at="2022-12-26T23:51:08 IST" duration-ms="30279">
    <groups>
    </groups>
    <test started-at="2022-12-26T23:50:38 IST" name="Default test" finished-at="2022-12-26T23:51:08 IST" duration-ms="30279">
      <class name="DDTestUsingJsonData">
        <test-method is-config="true" signature="setUpDriver()[pri:0, instance:DDTestUsingJsonData@36916eb0]" started-at="2022-12-26T23:50:38 IST" name="setUpDriver" finished-at="2022-12-26T23:50:46 IST" duration-ms="8085" status="PASS">
          <reporter-output>
          </reporter-output>
        </test-method> <!-- setUpDriver -->
        <test-method signature="loginTest(java.lang.String)[pri:0, instance:DDTestUsingJsonData@36916eb0]" started-at="2022-12-26T23:50:46 IST" name="loginTest" data-provider="testData" finished-at="2022-12-26T23:50:52 IST" duration-ms="5878" status="PASS">
          <params>
            <param index="0">
              <value>
                <![CDATA[abc@gmail.com,Test@123]]>
              </value>
            </param>
          </params>
          <reporter-output>
          </reporter-output>
        </test-method> <!-- loginTest -->
        <test-method is-config="true" signature="tearDown()[pri:0, instance:DDTestUsingJsonData@36916eb0]" started-at="2022-12-26T23:50:52 IST" name="tearDown" finished-at="2022-12-26T23:51:08 IST" duration-ms="16275" status="PASS">
          <reporter-output>
          </reporter-output>
        </test-method> <!-- tearDown -->
      </class> <!-- DDTestUsingJsonData -->
    </test> <!-- Default test -->
  </suite> <!-- Default suite -->
</testng-results>
